<?xml version="1.0" encoding="UTF-8"?>
<!-- Generated by org.testng.reporters.JUnitXMLReporter -->
<testsuite ignored="0" hostname="NE-Samuel" failures="3" tests="4" name="Search With Excel" time="74.034" errors="0" timestamp="2021-12-11T23:36:13 CST">
  <testcase classname="com.swiggy.pages.SearchTestWithExcelData" name="searchItem" time="11.911">
    <failure type="java.lang.AssertionError" message="expected [Bangla Foods
SEE MENU] but found [Six Degree
SEE MENU]">
      <![CDATA[java.lang.AssertionError: expected [Bangla Foods
SEE MENU] but found [Six Degree
SEE MENU]
at com.swiggy.pages.SearchTestWithExcelData.searchItem(SearchTestWithExcelData.java:51)
at java.base/java.util.ArrayList.forEach(ArrayList.java:1511)
... Removed 33 stack frames]]>
    </failure>
  </testcase> <!-- searchItem -->
  <testcase classname="com.swiggy.pages.SearchTestWithExcelData" name="searchItem" time="12.666">
    <failure type="java.lang.AssertionError" message="expected [Indigo Grill
SEE MENU] but found [Lucky Restaurant (Dum Biryani )
SEE MENU]">
      <![CDATA[java.lang.AssertionError: expected [Indigo Grill
SEE MENU] but found [Lucky Restaurant (Dum Biryani )
SEE MENU]
at com.swiggy.pages.SearchTestWithExcelData.searchItem(SearchTestWithExcelData.java:51)
at java.base/java.util.ArrayList.forEach(ArrayList.java:1511)
... Removed 33 stack frames]]>
    </failure>
  </testcase> <!-- searchItem -->
  <testcase classname="com.swiggy.pages.SearchTestWithExcelData" name="searchItem" time="12.048">
    <failure type="java.lang.AssertionError" message="expected [Bawarchi
SEE MENU] but found [Grand Hotel
SEE MENU]">
      <![CDATA[java.lang.AssertionError: expected [Bawarchi
SEE MENU] but found [Grand Hotel
SEE MENU]
at com.swiggy.pages.SearchTestWithExcelData.searchItem(SearchTestWithExcelData.java:51)
at java.base/java.util.ArrayList.forEach(ArrayList.java:1511)
... Removed 33 stack frames]]>
    </failure>
  </testcase> <!-- searchItem -->
  <testcase classname="com.swiggy.pages.SearchTestWithExcelData" name="searchItem" time="12.14"/>
</testsuite> <!-- Search With Excel -->
