<?xml version="1.0" encoding="UTF-8"?>
<!-- Generated by org.testng.reporters.JUnitXMLReporter -->
<testsuite ignored="0" hostname="NE-Samuel" failures="0" tests="4" name="Test" time="74.385" errors="0" timestamp="2021-12-11T23:18:21 CST">
  <testcase classname="com.swiggy.pages.SearchTestWithExcelData" name="searchItem" time="12.597"/>
  <testcase classname="com.swiggy.pages.SearchTestWithExcelData" name="searchItem" time="12.407"/>
  <testcase classname="com.swiggy.pages.SearchTestWithExcelData" name="searchItem" time="12.409"/>
  <testcase classname="com.swiggy.pages.SearchTestWithExcelData" name="searchItem" time="10.754"/>
</testsuite> <!-- Test -->
