<?xml version="1.0" encoding="UTF-8"?>
<!-- Generated by org.testng.reporters.JUnitXMLReporter -->
<testsuite ignored="0" hostname="NE-Samuel" failures="1" tests="1" name="Default test(failed)" time="12.014" errors="0" timestamp="2021-12-11T17:12:10 CST">
  <testcase classname="io.cucumber.testng.AbstractTestNGCucumberTests" name="runScenario" time="11.305">
    <failure type="java.lang.AssertionError" message="expected [Mumbai] but found [New Delhi]">
      <![CDATA[java.lang.AssertionError: expected [Mumbai] but found [New Delhi]
at com.swiggy.pages.SearchPage.verifyCurrentArea(SearchPage.java:59)
at com.swiggy.steps.SearchPageStepDefinitions.verifyAreaSelected(SearchPageStepDefinitions.java:38)
at ✽.I verify the location "Mumbai" is selected and displayed(file:///C:/Users/sam.deleon/eclipse-workspace/swiggy_project/src/test/resources/features/TestSearch.feature:16)
... Removed 6 stack frames]]>
    </failure>
  </testcase> <!-- runScenario -->
</testsuite> <!-- Default test(failed) -->
